<?xml version="1.0" encoding="UTF-8"?>
<!-- Generated by org.testng.reporters.JUnitXMLReporter -->
<testsuite ignored="0" hostname="DESKTOP-65PH4QI" failures="3" tests="21" name="Default test" time="272.284" errors="0" timestamp="2026-04-22T17:13:41 GST">
  <testcase classname="tests.HomePageTest" name="verifyAddRemoveCartFlow" time="3.145"/>
  <testcase classname="tests.HomePageTest" name="verifyAddToCartPopupFlow" time="18.67"/>
  <testcase classname="tests.HomePageTest" name="verifyBillingCheckbox" time="3.61"/>
  <testcase classname="tests.HomePageTest" name="verifyCardNumberShowsErrorForAlphabets" time="3.662"/>
  <testcase classname="tests.HomePageTest" name="verifyCartDetails" time="3.713"/>
  <testcase classname="tests.HomePageTest" name="verifyCartIsEmpty" time="0.971"/>
  <testcase classname="tests.HomePageTest" name="verifyCheckoutHeaderAndShopLink" time="3.133"/>
  <testcase classname="tests.HomePageTest" name="verifyCheckoutPage" time="4.295"/>
  <testcase classname="tests.HomePageTest" name="verifyCheckoutTotalMatchesCartTotal" time="3.183"/>
  <testcase classname="tests.HomePageTest" name="verifyDefaultExpiryDateIsValid" time="3.281">
    <failure type="java.lang.AssertionError" message="BUG: Default expiry year is 2016, should be current/future year">
      <![CDATA[java.lang.AssertionError: BUG: Default expiry year is 2016, should be current/future year
at org.testng.Assert.fail(Assert.java:111)
at tests.HomePageTest.verifyDefaultExpiryDateIsValid(HomePageTest.java:636)
at java.base/jdk.internal.reflect.DirectMethodHandleAccessor.invoke(DirectMethodHandleAccessor.java:103)
at java.base/java.lang.reflect.Method.invoke(Method.java:580)
at org.testng.internal.invokers.MethodInvocationHelper.invokeMethod(MethodInvocationHelper.java:141)
at org.testng.internal.invokers.TestInvoker.invokeMethod(TestInvoker.java:697)
at org.testng.internal.invokers.TestInvoker.invokeTestMethod(TestInvoker.java:230)
at org.testng.internal.invokers.MethodRunner.runInSequence(MethodRunner.java:63)
at org.testng.internal.invokers.TestInvoker$MethodInvocationAgent.invoke(TestInvoker.java:1005)
at org.testng.internal.invokers.TestInvoker.invokeTestMethods(TestInvoker.java:203)
at org.testng.internal.invokers.TestMethodWorker.invokeTestMethods(TestMethodWorker.java:154)
at org.testng.internal.invokers.TestMethodWorker.run(TestMethodWorker.java:134)
at java.base/java.util.ArrayList.forEach(ArrayList.java:1596)
at org.testng.TestRunner.privateRun(TestRunner.java:744)
at org.testng.TestRunner.run(TestRunner.java:616)
at org.testng.SuiteRunner.runTest(SuiteRunner.java:421)
at org.testng.SuiteRunner.runSequentially(SuiteRunner.java:413)
at org.testng.SuiteRunner.privateRun(SuiteRunner.java:373)
at org.testng.SuiteRunner.run(SuiteRunner.java:312)
at org.testng.SuiteRunnerWorker.runSuite(SuiteRunnerWorker.java:52)
at org.testng.SuiteRunnerWorker.run(SuiteRunnerWorker.java:95)
at org.testng.TestNG.runSuitesSequentially(TestNG.java:1274)
at org.testng.TestNG.runSuitesLocally(TestNG.java:1208)
at org.testng.TestNG.runSuites(TestNG.java:1112)
at org.testng.TestNG.run(TestNG.java:1079)
at org.testng.remote.AbstractRemoteTestNG.run(AbstractRemoteTestNG.java:115)
at org.testng.remote.RemoteTestNG.initAndRun(RemoteTestNG.java:293)
at org.testng.remote.RemoteTestNG.main(RemoteTestNG.java:91)
]]>
    </failure>
  </testcase> <!-- verifyDefaultExpiryDateIsValid -->
  <testcase classname="tests.HomePageTest" name="verifyEmailAndPhoneFields" time="3.486"/>
  <testcase classname="tests.HomePageTest" name="verifyExpiredDefaultDateRejected" time="6.215">
    <failure type="java.lang.AssertionError" message="BUG: Order accepted with expired default date expected [false] but found [true]">
      <![CDATA[java.lang.AssertionError: BUG: Order accepted with expired default date expected [false] but found [true]
at org.testng.Assert.fail(Assert.java:111)
at org.testng.Assert.failNotEquals(Assert.java:1590)
at org.testng.Assert.assertFalse(Assert.java:79)
at tests.HomePageTest.verifyExpiredDefaultDateRejected(HomePageTest.java:662)
at java.base/jdk.internal.reflect.DirectMethodHandleAccessor.invoke(DirectMethodHandleAccessor.java:103)
at java.base/java.lang.reflect.Method.invoke(Method.java:580)
at org.testng.internal.invokers.MethodInvocationHelper.invokeMethod(MethodInvocationHelper.java:141)
at org.testng.internal.invokers.TestInvoker.invokeMethod(TestInvoker.java:697)
at org.testng.internal.invokers.TestInvoker.invokeTestMethod(TestInvoker.java:230)
at org.testng.internal.invokers.MethodRunner.runInSequence(MethodRunner.java:63)
at org.testng.internal.invokers.TestInvoker$MethodInvocationAgent.invoke(TestInvoker.java:1005)
at org.testng.internal.invokers.TestInvoker.invokeTestMethods(TestInvoker.java:203)
at org.testng.internal.invokers.TestMethodWorker.invokeTestMethods(TestMethodWorker.java:154)
at org.testng.internal.invokers.TestMethodWorker.run(TestMethodWorker.java:134)
at java.base/java.util.ArrayList.forEach(ArrayList.java:1596)
at org.testng.TestRunner.privateRun(TestRunner.java:744)
at org.testng.TestRunner.run(TestRunner.java:616)
at org.testng.SuiteRunner.runTest(SuiteRunner.java:421)
at org.testng.SuiteRunner.runSequentially(SuiteRunner.java:413)
at org.testng.SuiteRunner.privateRun(SuiteRunner.java:373)
at org.testng.SuiteRunner.run(SuiteRunner.java:312)
at org.testng.SuiteRunnerWorker.runSuite(SuiteRunnerWorker.java:52)
at org.testng.SuiteRunnerWorker.run(SuiteRunnerWorker.java:95)
at org.testng.TestNG.runSuitesSequentially(TestNG.java:1274)
at org.testng.TestNG.runSuitesLocally(TestNG.java:1208)
at org.testng.TestNG.runSuites(TestNG.java:1112)
at org.testng.TestNG.run(TestNG.java:1079)
at org.testng.remote.AbstractRemoteTestNG.run(AbstractRemoteTestNG.java:115)
at org.testng.remote.RemoteTestNG.initAndRun(RemoteTestNG.java:293)
at org.testng.remote.RemoteTestNG.main(RemoteTestNG.java:91)
]]>
    </failure>
  </testcase> <!-- verifyExpiredDefaultDateRejected -->
  <testcase classname="tests.HomePageTest" name="verifyHomeTitle" time="0.013"/>
  <testcase classname="tests.HomePageTest" name="verifyInvalidEmailShowsError" time="3.498"/>
  <testcase classname="tests.HomePageTest" name="verifyMultipleProductsInCart" time="18.579"/>
  <testcase classname="tests.HomePageTest" name="verifyNavigation" time="108.136"/>
  <testcase classname="tests.HomePageTest" name="verifyProductDetailPage" time="1.957">
    <failure type="java.lang.AssertionError" message="expected [Men&amp;apos;s Tech Shell Full-Zip] but found [Men&amp;apos;s Tech Shell Full-Zip - SHOP]">
      <![CDATA[java.lang.AssertionError: expected [Men's Tech Shell Full-Zip] but found [Men's Tech Shell Full-Zip - SHOP]
at org.testng.Assert.fail(Assert.java:111)
at org.testng.Assert.failNotEquals(Assert.java:1590)
at org.testng.Assert.assertEqualsImpl(Assert.java:150)
at org.testng.Assert.assertEquals(Assert.java:132)
at org.testng.Assert.assertEquals(Assert.java:656)
at org.testng.Assert.assertEquals(Assert.java:666)
at tests.HomePageTest.verifyProductDetailPage(HomePageTest.java:107)
at java.base/jdk.internal.reflect.DirectMethodHandleAccessor.invoke(DirectMethodHandleAccessor.java:103)
at java.base/java.lang.reflect.Method.invoke(Method.java:580)
at org.testng.internal.invokers.MethodInvocationHelper.invokeMethod(MethodInvocationHelper.java:141)
at org.testng.internal.invokers.TestInvoker.invokeMethod(TestInvoker.java:697)
at org.testng.internal.invokers.TestInvoker.invokeTestMethod(TestInvoker.java:230)
at org.testng.internal.invokers.MethodRunner.runInSequence(MethodRunner.java:63)
at org.testng.internal.invokers.TestInvoker$MethodInvocationAgent.invoke(TestInvoker.java:1005)
at org.testng.internal.invokers.TestInvoker.invokeTestMethods(TestInvoker.java:203)
at org.testng.internal.invokers.TestMethodWorker.invokeTestMethods(TestMethodWorker.java:154)
at org.testng.internal.invokers.TestMethodWorker.run(TestMethodWorker.java:134)
at java.base/java.util.ArrayList.forEach(ArrayList.java:1596)
at org.testng.TestRunner.privateRun(TestRunner.java:744)
at org.testng.TestRunner.run(TestRunner.java:616)
at org.testng.SuiteRunner.runTest(SuiteRunner.java:421)
at org.testng.SuiteRunner.runSequentially(SuiteRunner.java:413)
at org.testng.SuiteRunner.privateRun(SuiteRunner.java:373)
at org.testng.SuiteRunner.run(SuiteRunner.java:312)
at org.testng.SuiteRunnerWorker.runSuite(SuiteRunnerWorker.java:52)
at org.testng.SuiteRunnerWorker.run(SuiteRunnerWorker.java:95)
at org.testng.TestNG.runSuitesSequentially(TestNG.java:1274)
at org.testng.TestNG.runSuitesLocally(TestNG.java:1208)
at org.testng.TestNG.runSuites(TestNG.java:1112)
at org.testng.TestNG.run(TestNG.java:1079)
at org.testng.remote.AbstractRemoteTestNG.run(AbstractRemoteTestNG.java:115)
at org.testng.remote.RemoteTestNG.initAndRun(RemoteTestNG.java:293)
at org.testng.remote.RemoteTestNG.main(RemoteTestNG.java:91)
]]>
    </failure>
  </testcase> <!-- verifyProductDetailPage -->
  <testcase classname="tests.HomePageTest" name="verifyProductListingUI" time="2.65"/>
  <testcase classname="tests.HomePageTest" name="verifyQuantityUpdate" time="5.354"/>
  <testcase classname="tests.HomePageTest" name="verifyShippingAddressFields" time="5.319"/>
  <testcase classname="tests.HomePageTest" name="verifySuccessPageMessage" time="6.375"/>
</testsuite> <!-- Default test -->
