<?xml version="1.0" encoding="UTF-8"?>
<!-- Generated by org.testng.reporters.JUnitXMLReporter -->
<testsuite ignored="20" hostname="DESKTOP-65PH4QI" failures="0" tests="1" name="FunctionalTest" time="7.967" errors="0" timestamp="2026-04-22T17:18:06 GST">
  <testcase classname="tests.HomePageTest" name="verifyProductDetailPage" time="3.535"/>
  <testcase classname="tests.HomePageTest" name="verifyExpiredDefaultDateRejected" time="0.0">
    <ignored/>
  </testcase> <!-- verifyExpiredDefaultDateRejected -->
  <testcase classname="tests.HomePageTest" name="verifyBillingCheckbox" time="0.0">
    <ignored/>
  </testcase> <!-- verifyBillingCheckbox -->
  <testcase classname="tests.HomePageTest" name="verifyInvalidEmailShowsError" time="0.0">
    <ignored/>
  </testcase> <!-- verifyInvalidEmailShowsError -->
  <testcase classname="tests.HomePageTest" name="verifyQuantityUpdate" time="0.0">
    <ignored/>
  </testcase> <!-- verifyQuantityUpdate -->
  <testcase classname="tests.HomePageTest" name="verifyAddToCartPopupFlow" time="0.0">
    <ignored/>
  </testcase> <!-- verifyAddToCartPopupFlow -->
  <testcase classname="tests.HomePageTest" name="verifyCheckoutHeaderAndShopLink" time="0.0">
    <ignored/>
  </testcase> <!-- verifyCheckoutHeaderAndShopLink -->
  <testcase classname="tests.HomePageTest" name="verifyEmailAndPhoneFields" time="0.0">
    <ignored/>
  </testcase> <!-- verifyEmailAndPhoneFields -->
  <testcase classname="tests.HomePageTest" name="verifyHomeTitle" time="0.0">
    <ignored/>
  </testcase> <!-- verifyHomeTitle -->
  <testcase classname="tests.HomePageTest" name="verifyProductListingUI" time="0.0">
    <ignored/>
  </testcase> <!-- verifyProductListingUI -->
  <testcase classname="tests.HomePageTest" name="verifyCartIsEmpty" time="0.0">
    <ignored/>
  </testcase> <!-- verifyCartIsEmpty -->
  <testcase classname="tests.HomePageTest" name="verifyCardNumberShowsErrorForAlphabets" time="0.0">
    <ignored/>
  </testcase> <!-- verifyCardNumberShowsErrorForAlphabets -->
  <testcase classname="tests.HomePageTest" name="verifyCartDetails" time="0.0">
    <ignored/>
  </testcase> <!-- verifyCartDetails -->
  <testcase classname="tests.HomePageTest" name="verifyDefaultExpiryDateIsValid" time="0.0">
    <ignored/>
  </testcase> <!-- verifyDefaultExpiryDateIsValid -->
  <testcase classname="tests.HomePageTest" name="verifyAddRemoveCartFlow" time="0.0">
    <ignored/>
  </testcase> <!-- verifyAddRemoveCartFlow -->
  <testcase classname="tests.HomePageTest" name="verifyCheckoutTotalMatchesCartTotal" time="0.0">
    <ignored/>
  </testcase> <!-- verifyCheckoutTotalMatchesCartTotal -->
  <testcase classname="tests.HomePageTest" name="verifyMultipleProductsInCart" time="0.0">
    <ignored/>
  </testcase> <!-- verifyMultipleProductsInCart -->
  <testcase classname="tests.HomePageTest" name="verifySuccessPageMessage" time="0.0">
    <ignored/>
  </testcase> <!-- verifySuccessPageMessage -->
  <testcase classname="tests.HomePageTest" name="verifyCheckoutPage" time="0.0">
    <ignored/>
  </testcase> <!-- verifyCheckoutPage -->
  <testcase classname="tests.HomePageTest" name="verifyShippingAddressFields" time="0.0">
    <ignored/>
  </testcase> <!-- verifyShippingAddressFields -->
  <testcase classname="tests.HomePageTest" name="verifyNavigation" time="0.0">
    <ignored/>
  </testcase> <!-- verifyNavigation -->
</testsuite> <!-- FunctionalTest -->
