<?xml version="1.0" encoding="UTF-8"?>
<!-- Generated by org.testng.reporters.JUnitXMLReporter -->
<testsuite ignored="21" hostname="DESKTOP-65PH4QI" failures="1" tests="1" name="FunctionalTest" time="25.165" errors="0" timestamp="2026-04-23T09:30:43 GST">
  <testcase classname="tests.HomePageTest" name="verifyMenuButtonClick" time="15.36">
    <failure type="org.openqa.selenium.NoSuchElementException" message="❌ Failed at selector: div.left-bar-item
For documentation on this error, please visit: https://www.selenium.dev/documentation/webdriver/troubleshooting/errors#nosuchelementexception
Build info: version: &amp;apos;4.41.0&amp;apos;, revision: &amp;apos;9fc754f&amp;apos;
System info: os.name: &amp;apos;Windows 11&amp;apos;, os.arch: &amp;apos;amd64&amp;apos;, os.version: &amp;apos;10.0&amp;apos;, java.version: &amp;apos;21.0.9&amp;apos;
Driver info: driver.version: unknown">
      <![CDATA[org.openqa.selenium.NoSuchElementException: ❌ Failed at selector: div.left-bar-item
For documentation on this error, please visit: https://www.selenium.dev/documentation/webdriver/troubleshooting/errors#nosuchelementexception
Build info: version: '4.41.0', revision: '9fc754f'
System info: os.name: 'Windows 11', os.arch: 'amd64', os.version: '10.0', java.version: '21.0.9'
Driver info: driver.version: unknown
at utils.ShadowUtil.getShadowElement(ShadowUtil.java:36)
at utils.ShadowUtil.click(ShadowUtil.java:74)
at pages.HomePage1.clickMenuButton(HomePage1.java:133)
at tests.HomePageTest.verifyMenuButtonClick(HomePageTest.java:91)
at java.base/java.util.ArrayList.forEach(ArrayList.java:1596)
... Removed 25 stack frames]]>
    </failure>
  </testcase> <!-- verifyMenuButtonClick -->
  <testcase classname="tests.HomePageTest" name="verifyDefaultExpiryDateIsValid" time="0.0">
    <ignored/>
  </testcase> <!-- verifyDefaultExpiryDateIsValid -->
  <testcase classname="tests.HomePageTest" name="verifyCartDetails" time="0.0">
    <ignored/>
  </testcase> <!-- verifyCartDetails -->
  <testcase classname="tests.HomePageTest" name="verifyHomeTitle" time="0.0">
    <ignored/>
  </testcase> <!-- verifyHomeTitle -->
  <testcase classname="tests.HomePageTest" name="verifyProductListingUI" time="0.0">
    <ignored/>
  </testcase> <!-- verifyProductListingUI -->
  <testcase classname="tests.HomePageTest" name="verifyCheckoutTotalMatchesCartTotal" time="0.0">
    <ignored/>
  </testcase> <!-- verifyCheckoutTotalMatchesCartTotal -->
  <testcase classname="tests.HomePageTest" name="verifyEmailAndPhoneFields" time="0.0">
    <ignored/>
  </testcase> <!-- verifyEmailAndPhoneFields -->
  <testcase classname="tests.HomePageTest" name="verifyShippingAddressFields" time="0.0">
    <ignored/>
  </testcase> <!-- verifyShippingAddressFields -->
  <testcase classname="tests.HomePageTest" name="verifyProductDetailPage" time="0.0">
    <ignored/>
  </testcase> <!-- verifyProductDetailPage -->
  <testcase classname="tests.HomePageTest" name="verifyMultipleProductsInCart" time="0.0">
    <ignored/>
  </testcase> <!-- verifyMultipleProductsInCart -->
  <testcase classname="tests.HomePageTest" name="verifySuccessPageMessage" time="0.0">
    <ignored/>
  </testcase> <!-- verifySuccessPageMessage -->
  <testcase classname="tests.HomePageTest" name="verifyCheckoutPage" time="0.0">
    <ignored/>
  </testcase> <!-- verifyCheckoutPage -->
  <testcase classname="tests.HomePageTest" name="verifyInvalidEmailShowsError" time="0.0">
    <ignored/>
  </testcase> <!-- verifyInvalidEmailShowsError -->
  <testcase classname="tests.HomePageTest" name="verifyCardNumberShowsErrorForAlphabets" time="0.0">
    <ignored/>
  </testcase> <!-- verifyCardNumberShowsErrorForAlphabets -->
  <testcase classname="tests.HomePageTest" name="verifyAddRemoveCartFlow" time="0.0">
    <ignored/>
  </testcase> <!-- verifyAddRemoveCartFlow -->
  <testcase classname="tests.HomePageTest" name="verifyExpiredDefaultDateRejected" time="0.0">
    <ignored/>
  </testcase> <!-- verifyExpiredDefaultDateRejected -->
  <testcase classname="tests.HomePageTest" name="verifyNavigation" time="0.0">
    <ignored/>
  </testcase> <!-- verifyNavigation -->
  <testcase classname="tests.HomePageTest" name="verifyBillingCheckbox" time="0.0">
    <ignored/>
  </testcase> <!-- verifyBillingCheckbox -->
  <testcase classname="tests.HomePageTest" name="verifyCheckoutHeaderAndShopLink" time="0.0">
    <ignored/>
  </testcase> <!-- verifyCheckoutHeaderAndShopLink -->
  <testcase classname="tests.HomePageTest" name="verifyQuantityUpdate" time="0.0">
    <ignored/>
  </testcase> <!-- verifyQuantityUpdate -->
  <testcase classname="tests.HomePageTest" name="verifyCartIsEmpty" time="0.0">
    <ignored/>
  </testcase> <!-- verifyCartIsEmpty -->
  <testcase classname="tests.HomePageTest" name="verifyAddToCartPopupFlow" time="0.0">
    <ignored/>
  </testcase> <!-- verifyAddToCartPopupFlow -->
</testsuite> <!-- FunctionalTest -->
