<?xml version="1.0" encoding="UTF-8"?>
<testng-results ignored="20" total="21" passed="1" failed="0" skipped="0">
  <reporter-output>
  </reporter-output>
  <suite started-at="2026-04-22T17:17:58 GST" name="Polymer_TestSuite" finished-at="2026-04-22T17:18:06 GST" duration-ms="7967">
    <groups>
    </groups>
    <test started-at="2026-04-22T17:17:58 GST" name="FunctionalTest" finished-at="2026-04-22T17:18:06 GST" duration-ms="7967">
      <class name="tests.HomePageTest">
        <test-method is-config="true" signature="setUp()[pri:0, instance:tests.HomePageTest@41d477ed]" started-at="2026-04-22T17:17:58 GST" name="setUp" finished-at="2026-04-22T17:18:03 GST" duration-ms="4161" status="PASS">
          <reporter-output>
          </reporter-output>
        </test-method> <!-- setUp -->
        <test-method signature="verifyProductDetailPage()[pri:0, instance:tests.HomePageTest@41d477ed]" started-at="2026-04-22T17:18:03 GST" name="verifyProductDetailPage" finished-at="2026-04-22T17:18:06 GST" duration-ms="3535" status="PASS">
          <reporter-output>
          </reporter-output>
        </test-method> <!-- verifyProductDetailPage -->
        <test-method is-config="true" signature="tearUp()[pri:0, instance:tests.HomePageTest@41d477ed]" started-at="2026-04-22T17:18:06 GST" name="tearUp" finished-at="2026-04-22T17:18:06 GST" duration-ms="228" status="PASS">
          <reporter-output>
          </reporter-output>
        </test-method> <!-- tearUp -->
      </class> <!-- tests.HomePageTest -->
    </test> <!-- FunctionalTest -->
  </suite> <!-- Polymer_TestSuite -->
</testng-results>
